c:\users\andrew\desktop\ti periode 5.2 (minor)\c++\machiavellicpp2\machiavelliserver\debug\machiavelliserver.pch
c:\users\andrew\desktop\ti periode 5.2 (minor)\c++\machiavellicpp2\machiavelliserver\debug\vc120.pdb
c:\users\andrew\desktop\ti periode 5.2 (minor)\c++\machiavellicpp2\machiavelliserver\debug\vc120.idb
c:\users\andrew\desktop\ti periode 5.2 (minor)\c++\machiavellicpp2\machiavelliserver\debug\stdafx.obj
c:\users\andrew\desktop\ti periode 5.2 (minor)\c++\machiavellicpp2\machiavelliserver\debug\buildingcard.obj
c:\users\andrew\desktop\ti periode 5.2 (minor)\c++\machiavellicpp2\machiavelliserver\debug\cardstack.obj
c:\users\andrew\desktop\ti periode 5.2 (minor)\c++\machiavellicpp2\machiavelliserver\debug\charactercard.obj
c:\users\andrew\desktop\ti periode 5.2 (minor)\c++\machiavellicpp2\machiavelliserver\debug\game.obj
c:\users\andrew\desktop\ti periode 5.2 (minor)\c++\machiavellicpp2\machiavelliserver\debug\machiavelliserver.obj
c:\users\andrew\desktop\ti periode 5.2 (minor)\c++\machiavellicpp2\machiavelliserver\debug\player.obj
c:\users\andrew\desktop\ti periode 5.2 (minor)\c++\machiavellicpp2\machiavelliserver\debug\socket.obj
c:\users\andrew\desktop\ti periode 5.2 (minor)\c++\machiavellicpp2\machiavelliserver\debug\throw.obj
c:\users\andrew\desktop\ti periode 5.2 (minor)\c++\machiavellicpp2\debug\machiavelliserver.ilk
c:\users\andrew\desktop\ti periode 5.2 (minor)\c++\machiavellicpp2\debug\machiavelliserver.exe
c:\users\andrew\desktop\ti periode 5.2 (minor)\c++\machiavellicpp2\debug\machiavelliserver.pdb
c:\users\andrew\desktop\ti periode 5.2 (minor)\c++\machiavellicpp2\machiavelliserver\debug\machiave.beaa1be5.tlog\cl.command.1.tlog
c:\users\andrew\desktop\ti periode 5.2 (minor)\c++\machiavellicpp2\machiavelliserver\debug\machiave.beaa1be5.tlog\cl.read.1.tlog
c:\users\andrew\desktop\ti periode 5.2 (minor)\c++\machiavellicpp2\machiavelliserver\debug\machiave.beaa1be5.tlog\cl.write.1.tlog
c:\users\andrew\desktop\ti periode 5.2 (minor)\c++\machiavellicpp2\machiavelliserver\debug\machiave.beaa1be5.tlog\link.command.1.tlog
c:\users\andrew\desktop\ti periode 5.2 (minor)\c++\machiavellicpp2\machiavelliserver\debug\machiave.beaa1be5.tlog\link.read.1.tlog
c:\users\andrew\desktop\ti periode 5.2 (minor)\c++\machiavellicpp2\machiavelliserver\debug\machiave.beaa1be5.tlog\link.write.1.tlog
